Project: Oscar446
Converter: Atollic TrueSTUDIO project converter
Date: 20200602

Unknown value type "" for id com.atollic.truestudio.common_options.target.endianess on tool com.atollic.truestudio.exe.debug.toolchain.as
Unknown value type "" for id com.atollic.truestudio.common_options.target.interwork on tool com.atollic.truestudio.exe.debug.toolchain.as
Option com.atollic.truestudio.common_options.target.instr_set is no longer supported
Unknown value type "" for id com.atollic.truestudio.common_options.target.endianess on tool com.atollic.truestudio.exe.debug.toolchain.gcc
Unknown value type "" for id com.atollic.truestudio.common_options.target.interwork on tool com.atollic.truestudio.exe.debug.toolchain.gcc
Option com.atollic.truestudio.common_options.target.instr_set is no longer supported
Unknown value type "" for id com.atollic.truestudio.common_options.target.endianess on tool com.atollic.truestudio.exe.debug.toolchain.ld
Unknown value type "" for id com.atollic.truestudio.common_options.target.interwork on tool com.atollic.truestudio.exe.debug.toolchain.ld
Unknown value type "" for id com.atollic.truestudio.ld.misc.genmapfile on tool com.atollic.truestudio.exe.debug.toolchain.ld
Option com.atollic.truestudio.common_options.target.instr_set is no longer supported
Unrecognized tool command 'arm-atollic-eabi-g++ -c' for tool id com.atollic.truestudio.exe.debug.toolchain.gpp
Unknown value type "" for id com.atollic.truestudio.common_options.target.endianess on tool com.atollic.truestudio.exe.debug.toolchain.gpp
Unknown value type "" for id com.atollic.truestudio.common_options.target.interwork on tool com.atollic.truestudio.exe.debug.toolchain.gpp
Option com.atollic.truestudio.common_options.target.instr_set is no longer supported
No map found for id: com.atollic.truestudio.gpp.optimization.slow_flash_data
Unrecognized tool command 'arm-atollic-eabi-g++' for tool id com.atollic.truestudio.exe.debug.toolchain.ldcc
Unknown value type "" for id com.atollic.truestudio.common_options.target.endianess on tool com.atollic.truestudio.exe.debug.toolchain.ldcc
Unknown value type "" for id com.atollic.truestudio.common_options.target.interwork on tool com.atollic.truestudio.exe.debug.toolchain.ldcc
Unknown value type "" for id com.atollic.truestudio.ldcc.misc.genmapfile on tool com.atollic.truestudio.exe.debug.toolchain.ldcc
Option com.atollic.truestudio.common_options.target.instr_set is no longer supported
Unrecognized tool command 'arm-atollic-reports.jar' for tool id com.atollic.truestudio.exe.debug.toolchain.secoutput
Option com.atollic.truestudio.secoutput.general.convert is no longer supported
Unknown value type "" for id com.atollic.truestudio.common_options.target.endianess on tool com.atollic.truestudio.exe.release.toolchain.as
Unknown value type "" for id com.atollic.truestudio.common_options.target.interwork on tool com.atollic.truestudio.exe.release.toolchain.as
Option com.atollic.truestudio.common_options.target.instr_set is no longer supported
Unknown value type "" for id com.atollic.truestudio.common_options.target.endianess on tool com.atollic.truestudio.exe.release.toolchain.gcc
Unknown value type "" for id com.atollic.truestudio.common_options.target.interwork on tool com.atollic.truestudio.exe.release.toolchain.gcc
Option com.atollic.truestudio.common_options.target.instr_set is no longer supported
Unknown value type "" for id com.atollic.truestudio.common_options.target.endianess on tool com.atollic.truestudio.exe.release.toolchain.ld
Unknown value type "" for id com.atollic.truestudio.common_options.target.interwork on tool com.atollic.truestudio.exe.release.toolchain.ld
Option com.atollic.truestudio.common_options.target.instr_set is no longer supported
Unknown value type "" for id com.atollic.truestudio.common_options.target.endianess on tool com.atollic.truestudio.exe.release.toolchain.gpp
Unknown value type "" for id com.atollic.truestudio.common_options.target.interwork on tool com.atollic.truestudio.exe.release.toolchain.gpp
Option com.atollic.truestudio.common_options.target.instr_set is no longer supported
Unknown value type "" for id com.atollic.truestudio.common_options.target.endianess on tool com.atollic.truestudio.exe.release.toolchain.ldcc
Unknown value type "" for id com.atollic.truestudio.common_options.target.interwork on tool com.atollic.truestudio.exe.release.toolchain.ldcc
Option com.atollic.truestudio.common_options.target.instr_set is no longer supported
